1718290797649:help
1718290897719:fetch
1718290981372:fetchImages
1718291046979:fetch 2023-06-12 /Users/ivanmilanovic/Downloads/api.project/src/main/resources/images
1718295196771:fetch 2024-06-11 00:31:45 /Users/ivanmilanovic/Downloads/api.project/src/main/resources/images
1718295480205:fetch 2023-06-12 /Users/ivanmilanovic/Downloads/api.project/src/main/resources/images
1718295968033:fetch 2022-06-04 /Users/ivanmilanovic/Downloads/api.project/src/main/resources/images
1718297196890:fetch 2023-06-12 /Users/ivanmilanovic/Downloads/api.project/src/main/resources/images
1718297278785:fetch 2023-06-12 api.project/src/main/resources/images
1718297345154:fetch 2023-06-12 /src/main/resources/images
1718297361717:fetch 2023-06-12 api.project/src/main/resources/images
1718297467494:fetch 2023-06-12 images
1718297506943:fetch images
1718297677275:fetch null images
1718297745410:fetch
1718297841713:fetch images
1718297848011:fetch
1718297875377:fetch images
1718299314212:fetch image
1718299501714:fetch images
1718344425746:fetch 2023-05-11 images
1718344460245:fetch images 2023-02-01
1718344646468:fetch images 2023-05-01
1718344745200:fetch images
1718345091161:fetch 2023-05-01 images
1718345165910:shell:>fetch 2023-05-01 images
1718345165913:Text 'images' could not be parsed at index 0
1718345189469:Details of the error have been omitted. You can use the stacktrace command to print the full stacktrace.fetch 2023-05-01 image
1718345211672:fetch 2023-05-01 images
1718345269688:fetch 2024-06-11 images
1718345369441:fetch 2023-01-01 images
1718346225311:fetch images
1718346558833:fetch images 2022-05-01
1718348902469:fetch
1718348910381:fetch images
1718350263079:fetch images 2021-02-01
1718351124737:fetch images
1718352795962:fetch images 2025-02-01
1718352818276:fetch images 2024-05-14
1718353049817:fetch images 2024-05-29
1718353092868:fetch images
1718353132710:fetch images 2099-05-01
1718353187298:fetch images
1718353212389:fetch images 2044-4654
1718353556281:fetch images 303263oyt
1718353574834:fetch images 2055-05-05
1718353764056:fetch images 2022-05-21
1718354157481:fetch
1718354231849:fetch images
1718354252577:fetch images 15ds1gr6e
1718354263981:fetch images 2052-05-22
1718354277661:fetch images 2022-11-11
